mode: set
elasticweb/api/v1/elasticweb_types.go:40.39,43.30 2 0
elasticweb/api/v1/elasticweb_types.go:49.2,54.11 1 0
elasticweb/api/v1/elasticweb_types.go:43.30,45.3 1 0
elasticweb/api/v1/elasticweb_types.go:45.8,47.3 1 0
elasticweb/api/v1/elasticweb_types.go:66.13,68.2 1 1
elasticweb/api/v1/elasticweb_webhook.go:32.70,36.2 1 1
elasticweb/api/v1/elasticweb_webhook.go:45.32,50.28 2 0
elasticweb/api/v1/elasticweb_webhook.go:50.28,54.3 3 0
elasticweb/api/v1/elasticweb_webhook.go:54.8,56.3 1 0
elasticweb/api/v1/elasticweb_webhook.go:65.45,70.2 2 0
elasticweb/api/v1/elasticweb_webhook.go:73.63,78.2 2 0
elasticweb/api/v1/elasticweb_webhook.go:81.45,86.2 2 0
elasticweb/api/v1/elasticweb_webhook.go:88.49,91.33 2 0
elasticweb/api/v1/elasticweb_webhook.go:91.33,104.3 4 0
elasticweb/api/v1/elasticweb_webhook.go:104.8,107.3 2 0
elasticweb/api/v1/zz_generated.deepcopy.go:29.53,35.2 5 0
elasticweb/api/v1/zz_generated.deepcopy.go:38.46,39.15 1 0
elasticweb/api/v1/zz_generated.deepcopy.go:42.2,44.12 3 0
elasticweb/api/v1/zz_generated.deepcopy.go:39.15,41.3 1 0
elasticweb/api/v1/zz_generated.deepcopy.go:48.55,49.34 1 0
elasticweb/api/v1/zz_generated.deepcopy.go:52.2,52.12 1 0
elasticweb/api/v1/zz_generated.deepcopy.go:49.34,51.3 1 0
elasticweb/api/v1/zz_generated.deepcopy.go:56.61,60.21 4 0
elasticweb/api/v1/zz_generated.deepcopy.go:60.21,63.22 3 0
elasticweb/api/v1/zz_generated.deepcopy.go:63.22,65.4 1 0
elasticweb/api/v1/zz_generated.deepcopy.go:70.54,71.15 1 0
elasticweb/api/v1/zz_generated.deepcopy.go:74.2,76.12 3 0
elasticweb/api/v1/zz_generated.deepcopy.go:71.15,73.3 1 0
elasticweb/api/v1/zz_generated.deepcopy.go:80.59,81.34 1 0
elasticweb/api/v1/zz_generated.deepcopy.go:84.2,84.12 1 0
elasticweb/api/v1/zz_generated.deepcopy.go:81.34,83.3 1 0
elasticweb/api/v1/zz_generated.deepcopy.go:88.61,90.20 2 0
elasticweb/api/v1/zz_generated.deepcopy.go:95.2,95.28 1 0
elasticweb/api/v1/zz_generated.deepcopy.go:100.2,100.24 1 0
elasticweb/api/v1/zz_generated.deepcopy.go:90.20,94.3 3 0
elasticweb/api/v1/zz_generated.deepcopy.go:95.28,99.3 3 0
elasticweb/api/v1/zz_generated.deepcopy.go:100.24,104.3 3 0
elasticweb/api/v1/zz_generated.deepcopy.go:108.54,109.15 1 0
elasticweb/api/v1/zz_generated.deepcopy.go:112.2,114.12 3 0
elasticweb/api/v1/zz_generated.deepcopy.go:109.15,111.3 1 0
elasticweb/api/v1/zz_generated.deepcopy.go:118.65,120.23 2 0
elasticweb/api/v1/zz_generated.deepcopy.go:120.23,124.3 3 0
elasticweb/api/v1/zz_generated.deepcopy.go:128.58,129.15 1 0
elasticweb/api/v1/zz_generated.deepcopy.go:132.2,134.12 3 0
elasticweb/api/v1/zz_generated.deepcopy.go:129.15,131.3 1 0
elasticweb/controllers/elasticweb_controller.go:62.100,77.16 6 0
elasticweb/controllers/elasticweb_controller.go:90.2,99.16 4 0
elasticweb/controllers/elasticweb_controller.go:144.2,152.36 4 0
elasticweb/controllers/elasticweb_controller.go:158.2,162.49 3 0
elasticweb/controllers/elasticweb_controller.go:168.2,171.54 2 0
elasticweb/controllers/elasticweb_controller.go:177.2,177.27 1 0
elasticweb/controllers/elasticweb_controller.go:77.16,80.29 1 0
elasticweb/controllers/elasticweb_controller.go:85.3,87.28 2 0
elasticweb/controllers/elasticweb_controller.go:80.29,83.4 2 0
elasticweb/controllers/elasticweb_controller.go:99.16,101.29 1 0
elasticweb/controllers/elasticweb_controller.go:101.29,105.37 2 0
elasticweb/controllers/elasticweb_controller.go:112.4,112.73 1 0
elasticweb/controllers/elasticweb_controller.go:119.4,119.60 1 0
elasticweb/controllers/elasticweb_controller.go:126.4,126.56 1 0
elasticweb/controllers/elasticweb_controller.go:133.4,133.29 1 0
elasticweb/controllers/elasticweb_controller.go:105.37,109.5 2 0
elasticweb/controllers/elasticweb_controller.go:112.73,116.5 2 0
elasticweb/controllers/elasticweb_controller.go:119.60,123.5 2 0
elasticweb/controllers/elasticweb_controller.go:126.56,130.5 2 0
elasticweb/controllers/elasticweb_controller.go:134.9,138.4 2 0
elasticweb/controllers/elasticweb_controller.go:152.36,155.3 2 0
elasticweb/controllers/elasticweb_controller.go:162.49,166.3 2 0
elasticweb/controllers/elasticweb_controller.go:171.54,175.3 2 0
elasticweb/controllers/elasticweb_controller.go:180.73,184.2 1 0
elasticweb/controllers/elasticweb_controller.go:187.67,197.31 4 0
elasticweb/controllers/elasticweb_controller.go:201.2,201.17 1 0
elasticweb/controllers/elasticweb_controller.go:197.31,199.3 1 0
elasticweb/controllers/elasticweb_controller.go:205.112,268.96 6 0
elasticweb/controllers/elasticweb_controller.go:274.2,275.50 2 0
elasticweb/controllers/elasticweb_controller.go:280.2,282.12 2 0
elasticweb/controllers/elasticweb_controller.go:268.96,271.3 2 0
elasticweb/controllers/elasticweb_controller.go:275.50,278.3 2 0
elasticweb/controllers/elasticweb_controller.go:286.138,294.16 4 0
elasticweb/controllers/elasticweb_controller.go:300.2,300.29 1 0
elasticweb/controllers/elasticweb_controller.go:306.2,328.93 3 0
elasticweb/controllers/elasticweb_controller.go:334.2,335.47 2 0
elasticweb/controllers/elasticweb_controller.go:340.2,342.12 2 0
elasticweb/controllers/elasticweb_controller.go:294.16,297.3 2 0
elasticweb/controllers/elasticweb_controller.go:300.29,303.3 2 0
elasticweb/controllers/elasticweb_controller.go:328.93,331.3 2 0
elasticweb/controllers/elasticweb_controller.go:335.47,338.3 2 0
elasticweb/controllers/elasticweb_controller.go:346.108,357.38 4 0
elasticweb/controllers/elasticweb_controller.go:361.2,365.50 3 0
elasticweb/controllers/elasticweb_controller.go:370.2,370.12 1 0
elasticweb/controllers/elasticweb_controller.go:357.38,359.3 1 0
elasticweb/controllers/elasticweb_controller.go:365.50,368.3 2 0
