mode: set
elasticweb/controllers/elasticweb_controller.go:62.100,77.16 6 0
elasticweb/controllers/elasticweb_controller.go:90.2,99.16 4 0
elasticweb/controllers/elasticweb_controller.go:144.2,152.36 4 0
elasticweb/controllers/elasticweb_controller.go:158.2,162.49 3 0
elasticweb/controllers/elasticweb_controller.go:168.2,171.54 2 0
elasticweb/controllers/elasticweb_controller.go:177.2,177.27 1 0
elasticweb/controllers/elasticweb_controller.go:77.16,80.29 1 0
elasticweb/controllers/elasticweb_controller.go:85.3,87.28 2 0
elasticweb/controllers/elasticweb_controller.go:80.29,83.4 2 0
elasticweb/controllers/elasticweb_controller.go:99.16,101.29 1 0
elasticweb/controllers/elasticweb_controller.go:101.29,105.37 2 0
elasticweb/controllers/elasticweb_controller.go:112.4,112.73 1 0
elasticweb/controllers/elasticweb_controller.go:119.4,119.60 1 0
elasticweb/controllers/elasticweb_controller.go:126.4,126.56 1 0
elasticweb/controllers/elasticweb_controller.go:133.4,133.29 1 0
elasticweb/controllers/elasticweb_controller.go:105.37,109.5 2 0
elasticweb/controllers/elasticweb_controller.go:112.73,116.5 2 0
elasticweb/controllers/elasticweb_controller.go:119.60,123.5 2 0
elasticweb/controllers/elasticweb_controller.go:126.56,130.5 2 0
elasticweb/controllers/elasticweb_controller.go:134.9,138.4 2 0
elasticweb/controllers/elasticweb_controller.go:152.36,155.3 2 0
elasticweb/controllers/elasticweb_controller.go:162.49,166.3 2 0
elasticweb/controllers/elasticweb_controller.go:171.54,175.3 2 0
elasticweb/controllers/elasticweb_controller.go:180.73,184.2 1 0
elasticweb/controllers/elasticweb_controller.go:187.67,197.31 4 0
elasticweb/controllers/elasticweb_controller.go:201.2,201.17 1 0
elasticweb/controllers/elasticweb_controller.go:197.31,199.3 1 0
elasticweb/controllers/elasticweb_controller.go:205.112,268.96 6 0
elasticweb/controllers/elasticweb_controller.go:274.2,275.50 2 0
elasticweb/controllers/elasticweb_controller.go:280.2,282.12 2 0
elasticweb/controllers/elasticweb_controller.go:268.96,271.3 2 0
elasticweb/controllers/elasticweb_controller.go:275.50,278.3 2 0
elasticweb/controllers/elasticweb_controller.go:286.138,294.16 4 0
elasticweb/controllers/elasticweb_controller.go:300.2,300.29 1 0
elasticweb/controllers/elasticweb_controller.go:306.2,328.93 3 0
elasticweb/controllers/elasticweb_controller.go:334.2,335.47 2 0
elasticweb/controllers/elasticweb_controller.go:340.2,342.12 2 0
elasticweb/controllers/elasticweb_controller.go:294.16,297.3 2 0
elasticweb/controllers/elasticweb_controller.go:300.29,303.3 2 0
elasticweb/controllers/elasticweb_controller.go:328.93,331.3 2 0
elasticweb/controllers/elasticweb_controller.go:335.47,338.3 2 0
elasticweb/controllers/elasticweb_controller.go:346.108,357.38 4 0
elasticweb/controllers/elasticweb_controller.go:361.2,365.50 3 0
elasticweb/controllers/elasticweb_controller.go:370.2,370.12 1 0
elasticweb/controllers/elasticweb_controller.go:357.38,359.3 1 0
elasticweb/controllers/elasticweb_controller.go:365.50,368.3 2 0
